<?xml version="1.0" encoding="UTF-8"?>
<!-- Generated by org.testng.reporters.JUnitReportReporter -->
<testsuite skipped="0" hostname="sagar" name="SeleniumAllTest.seleniumTestNew" tests="2" failures="0" timestamp="2019-12-01T13:51:40 IST" time="37.912" errors="0">
  <testcase name="VerifyTitle" time="19.758" classname="SeleniumAllTest.seleniumTestNew"/>
  <testcase name="VerifyUrl" time="18.154" classname="SeleniumAllTest.seleniumTestNew"/>
</testsuite> <!-- SeleniumAllTest.seleniumTestNew -->
